<?xml version="1.0" encoding="UTF-8"?>
<!-- Generated by org.testng.reporters.JUnitReportReporter -->
<testsuite skipped="0" hostname="Balajis-MBP.lan" name="wellsfargo.LongestPrefix" tests="1" failures="0" timestamp="2023-01-06T13:17:44 CST" time="0.006" errors="0">
  <testcase name="test4" time="0.006" classname="wellsfargo.LongestPrefix"/>
  <system-out/>
</testsuite> <!-- wellsfargo.LongestPrefix -->
